\BOOKMARK [1][-]{section.0.1}{Geometry of stack vectors}{}% 1
\BOOKMARK [2][-]{subsection.0.1.1}{Translations needed to define stack vectors and arrowheads}{section.0.1}% 2
\BOOKMARK [2][-]{subsection.0.1.2}{General from of stack sheet positions, for any number of sheets}{section.0.1}% 3
\BOOKMARK [2][-]{subsection.0.1.3}{variables in stack plot code}{section.0.1}% 4
\BOOKMARK [1][-]{section.0.2}{Initial GUI of the quiver and stack plot}{}% 5
\BOOKMARK [2][-]{subsection.0.2.1}{Explaining user defined functions in the GUI code}{section.0.2}% 6
\BOOKMARK [1][-]{section.0.3}{Mathematically: 2-forms from 1-forms, exterior derivative \(on Rm\)}{}% 7
\BOOKMARK [1][-]{section.0.4}{Inset Plots}{}% 8
\BOOKMARK [2][-]{subsection.0.4.1}{Derivative Window}{section.0.4}% 9
\BOOKMARK [2][-]{subsection.0.4.2}{Zoom Window and Zoom Slider}{section.0.4}% 10
\BOOKMARK [2][-]{subsection.0.4.3}{Divergence and Curl Windows}{section.0.4}% 11
\BOOKMARK [1][-]{section.0.5}{Line Integrals}{}% 12
\BOOKMARK [2][-]{subsection.0.5.1}{Lines}{section.0.5}% 13
\BOOKMARK [2][-]{subsection.0.5.2}{Circles}{section.0.5}% 14
\BOOKMARK [1][-]{section.0.6}{Non-unique and wrong graphical representations of 2 forms on R2}{}% 15
\BOOKMARK [2][-]{subsection.0.6.1}{Blocks and stacks}{section.0.6}% 16
\BOOKMARK [2][-]{subsection.0.6.2}{2 forms on R2 through the exterior derivative}{section.0.6}% 17
\BOOKMARK [2][-]{subsection.0.6.3}{Proof of the non-uniqueness of 2 forms}{section.0.6}% 18
\BOOKMARK [2][-]{subsection.0.6.4}{2 forms on R2 through the wedge product}{section.0.6}% 19
\BOOKMARK [2][-]{subsection.0.6.5}{initial 2 form representation as stacks in code}{section.0.6}% 20
\BOOKMARK [2][-]{subsection.0.6.6}{2 form representation as blocks in code}{section.0.6}% 21
\BOOKMARK [1][-]{section.0.7}{Correct 2 form on R2 representation}{}% 22
\BOOKMARK [1][-]{section.0.8}{Other calculus using 2 forms}{}% 23
\BOOKMARK [2][-]{subsection.0.8.1}{Interior derivative acting on 2 forms}{section.0.8}% 24
\BOOKMARK [2][-]{subsection.0.8.2}{Hodge}{section.0.8}% 25
\BOOKMARK [1][-]{section.0.9}{Forms on R3}{}% 26
\BOOKMARK [2][-]{subsection.0.9.1}{Representing 2 forms on R3}{section.0.9}% 27
\BOOKMARK [1][-]{section.0.10}{Singularities}{}% 28
