\BOOKMARK [0][-]{chapter.1}{1-Forms Graphical Representation}{}% 1
\BOOKMARK [1][-]{section.1.1}{Geometry of stack vectors}{chapter.1}% 2
\BOOKMARK [2][-]{subsection.1.1.1}{Translations needed to define stack vectors and arrowheads}{section.1.1}% 3
\BOOKMARK [2][-]{subsection.1.1.2}{General from of stack sheet positions, for any number of sheets}{section.1.1}% 4
\BOOKMARK [2][-]{subsection.1.1.3}{variables in stack plot code}{section.1.1}% 5
\BOOKMARK [1][-]{section.1.2}{Initial GUI of the quiver and stack plot}{chapter.1}% 6
\BOOKMARK [2][-]{subsection.1.2.1}{Explaining user defined functions in the GUI code}{section.1.2}% 7
\BOOKMARK [0][-]{chapter.2}{Differential Forms Calculus}{}% 8
\BOOKMARK [1][-]{section.2.1}{Mathematically: 2-forms from 1-forms, exterior derivative \(on Rm\)}{chapter.2}% 9
\BOOKMARK [0][-]{chapter.3}{1-Forms Calculus}{}% 10
\BOOKMARK [1][-]{section.3.1}{Inset Plots}{chapter.3}% 11
\BOOKMARK [2][-]{subsection.3.1.1}{Derivative Window}{section.3.1}% 12
\BOOKMARK [2][-]{subsection.3.1.2}{Zoom Window and Zoom Slider}{section.3.1}% 13
\BOOKMARK [2][-]{subsection.3.1.3}{Divergence and Curl Windows}{section.3.1}% 14
\BOOKMARK [1][-]{section.3.2}{Line Integrals}{chapter.3}% 15
\BOOKMARK [2][-]{subsection.3.2.1}{Lines}{section.3.2}% 16
\BOOKMARK [2][-]{subsection.3.2.2}{Circles}{section.3.2}% 17
\BOOKMARK [2][-]{subsection.3.2.3}{1-D ``Flux''}{section.3.2}% 18
\BOOKMARK [2][-]{subsection.3.2.4}{Stokes Theorem and Divergence Theorem}{section.3.2}% 19
\BOOKMARK [2][-]{subsection.3.2.5}{Showflux}{section.3.2}% 20
\BOOKMARK [0][-]{chapter.4}{2-Forms Graphical Representation}{}% 21
\BOOKMARK [1][-]{section.4.1}{Non-unique graphical representations of 2-forms on R2}{chapter.4}% 22
\BOOKMARK [2][-]{subsection.4.1.1}{Blocks and stacks}{section.4.1}% 23
\BOOKMARK [2][-]{subsection.4.1.2}{2-forms on R2 through the exterior derivative}{section.4.1}% 24
\BOOKMARK [2][-]{subsection.4.1.3}{2-forms on R2 through the wedge product}{section.4.1}% 25
\BOOKMARK [2][-]{subsection.4.1.4}{Lessons learnt}{section.4.1}% 26
\BOOKMARK [2][-]{subsection.4.1.5}{Proof of the non-uniqueness of 2-forms}{section.4.1}% 27
\BOOKMARK [2][-]{subsection.4.1.6}{Initial 2-form representation as stacks in code}{section.4.1}% 28
\BOOKMARK [2][-]{subsection.4.1.7}{2-form representation as blocks in code}{section.4.1}% 29
\BOOKMARK [1][-]{section.4.2}{Correct 2-form on R2 representation}{chapter.4}% 30
\BOOKMARK [0][-]{chapter.5}{2-Forms Calculus}{}% 31
\BOOKMARK [1][-]{section.5.1}{Interior derivative acting on 2-forms}{chapter.5}% 32
\BOOKMARK [1][-]{section.5.2}{Hodge}{chapter.5}% 33
\BOOKMARK [0][-]{chapter.6}{Differential Forms on R3}{}% 34
\BOOKMARK [1][-]{section.6.1}{Representing 2-forms on R3}{chapter.6}% 35
\BOOKMARK [0][-]{chapter.7}{Singularities}{}% 36
